<?xml version="1.0" encoding="UTF-8"?>
<!-- Generated by org.testng.reporters.JUnitReportReporter -->
<testsuite hostname="GOD" failures="0" tests="4" name="api.test.UserTests" time="10.308" errors="0" timestamp="2023-07-08T12:00:36 IST" skipped="0">
  <testcase classname="api.test.UserTests" name="testPostUser" time="4.782"/>
  <system-out/>
  <testcase classname="api.test.UserTests" name="testGetUserByName" time="1.524"/>
  <system-out/>
  <testcase classname="api.test.UserTests" name="testUpdateUserByName" time="2.755"/>
  <system-out/>
  <testcase classname="api.test.UserTests" name="testDeleteUserByName" time="1.247"/>
  <system-out/>
</testsuite> <!-- api.test.UserTests -->
